===================================
Keep-Alive Service Started: Wed Dec  3 18:25:01 UTC 2025
Backend URL: http://localhost:8001/api/health
Ping Interval: 300s (5 minutes)
===================================
[2025-12-03 18:25:01] ✓ Ping successful (HTTP 200)
===================================
Keep-Alive Service Started: Wed Dec  3 18:25:38 UTC 2025
Backend URL: http://localhost:8001/api/health
Ping Interval: 300s (5 minutes)
===================================
[2025-12-03 18:25:38] ✓ Ping successful (HTTP 200)
[2025-12-03 18:30:38] ✓ Ping successful (HTTP 200)
[2025-12-03 18:35:38] ✓ Ping successful (HTTP 200)
[2025-12-03 18:40:38] ✓ Ping successful (HTTP 200)
[2025-12-03 18:45:38] ✓ Ping successful (HTTP 200)
[2025-12-03 18:50:38] ✓ Ping successful (HTTP 200)
[2025-12-03 18:55:38] ✓ Ping successful (HTTP 200)
[2025-12-03 19:00:38] ✓ Ping successful (HTTP 200)
[2025-12-03 19:05:38] ✓ Ping successful (HTTP 200)
[2025-12-03 19:10:38] ✓ Ping successful (HTTP 200)
[2025-12-03 19:15:38] ✓ Ping successful (HTTP 200)
[2025-12-03 19:20:38] ✓ Ping successful (HTTP 200)
[2025-12-03 19:25:38] ✓ Ping successful (HTTP 200)
[2025-12-03 19:30:38] ✓ Ping successful (HTTP 200)
[2025-12-03 19:35:38] ✓ Ping successful (HTTP 200)
[2025-12-03 19:40:38] ✓ Ping successful (HTTP 200)
[2025-12-03 19:45:38] ✓ Ping successful (HTTP 200)
===================================
Keep-Alive Service Started: Thu Dec  4 05:06:05 UTC 2025
Backend URL: http://localhost:8001/api/health
Ping Interval: 300s (5 minutes)
===================================
[2025-12-04 05:06:05] ✗ Ping failed (HTTP 000) - Response: 
[2025-12-04 05:11:05] ✓ Ping successful (HTTP 200)
[2025-12-04 05:16:05] ✓ Ping successful (HTTP 200)
[2025-12-04 05:21:05] ✓ Ping successful (HTTP 200)
[2025-12-04 05:26:05] ✓ Ping successful (HTTP 200)
[2025-12-04 05:31:05] ✓ Ping successful (HTTP 200)
[2025-12-04 05:36:05] ✓ Ping successful (HTTP 200)
[2025-12-04 05:41:05] ✓ Ping successful (HTTP 200)
[2025-12-04 05:46:05] ✓ Ping successful (HTTP 200)
[2025-12-04 05:51:05] ✓ Ping successful (HTTP 200)
[2025-12-04 05:56:05] ✓ Ping successful (HTTP 200)
[2025-12-04 06:01:06] ✓ Ping successful (HTTP 200)
[2025-12-04 06:06:06] ✓ Ping successful (HTTP 200)
[2025-12-04 06:11:06] ✓ Ping successful (HTTP 200)
[2025-12-04 06:16:06] ✓ Ping successful (HTTP 200)
[2025-12-04 06:21:06] ✓ Ping successful (HTTP 200)
[2025-12-04 06:26:06] ✓ Ping successful (HTTP 200)
[2025-12-04 06:31:06] ✓ Ping successful (HTTP 200)
[2025-12-04 06:36:06] ✓ Ping successful (HTTP 200)
[2025-12-04 06:41:06] ✓ Ping successful (HTTP 200)
[2025-12-04 06:46:06] ✓ Ping successful (HTTP 200)
[2025-12-04 06:51:06] ✓ Ping successful (HTTP 200)
[2025-12-04 06:56:06] ✓ Ping successful (HTTP 200)
[2025-12-04 07:01:06] ✓ Ping successful (HTTP 200)
[2025-12-04 07:06:06] ✓ Ping successful (HTTP 200)
[2025-12-04 07:11:06] ✓ Ping successful (HTTP 200)
[2025-12-04 07:16:06] ✓ Ping successful (HTTP 200)
[2025-12-04 07:21:06] ✓ Ping successful (HTTP 200)
[2025-12-04 07:26:06] ✓ Ping successful (HTTP 200)
[2025-12-04 07:31:06] ✓ Ping successful (HTTP 200)
[2025-12-04 07:36:06] ✓ Ping successful (HTTP 200)
[2025-12-04 07:41:06] ✓ Ping successful (HTTP 200)
[2025-12-04 07:46:06] ✓ Ping successful (HTTP 200)
[2025-12-04 07:51:06] ✓ Ping successful (HTTP 200)
[2025-12-04 07:56:06] ✓ Ping successful (HTTP 200)
[2025-12-04 08:01:06] ✓ Ping successful (HTTP 200)
[2025-12-04 08:06:06] ✓ Ping successful (HTTP 200)
[2025-12-04 08:11:07] ✓ Ping successful (HTTP 200)
[2025-12-04 08:16:07] ✓ Ping successful (HTTP 200)
[2025-12-04 08:21:07] ✓ Ping successful (HTTP 200)
[2025-12-04 08:26:07] ✓ Ping successful (HTTP 200)
[2025-12-04 08:31:07] ✓ Ping successful (HTTP 200)
[2025-12-04 08:36:07] ✓ Ping successful (HTTP 200)
[2025-12-04 08:41:07] ✓ Ping successful (HTTP 200)
[2025-12-04 08:46:07] ✓ Ping successful (HTTP 200)
[2025-12-04 08:51:07] ✓ Ping successful (HTTP 200)
[2025-12-04 08:56:07] ✓ Ping successful (HTTP 200)
[2025-12-04 09:01:07] ✓ Ping successful (HTTP 200)
[2025-12-04 09:06:07] ✓ Ping successful (HTTP 200)
[2025-12-04 09:11:07] ✓ Ping successful (HTTP 200)
[2025-12-04 09:16:07] ✓ Ping successful (HTTP 200)
[2025-12-04 09:21:07] ✓ Ping successful (HTTP 200)
[2025-12-04 09:26:07] ✓ Ping successful (HTTP 200)
[2025-12-04 09:31:07] ✓ Ping successful (HTTP 200)
[2025-12-04 09:36:07] ✓ Ping successful (HTTP 200)
[2025-12-04 09:41:07] ✓ Ping successful (HTTP 200)
[2025-12-04 09:46:07] ✓ Ping successful (HTTP 200)
[2025-12-04 09:51:07] ✓ Ping successful (HTTP 200)
[2025-12-04 09:56:07] ✓ Ping successful (HTTP 200)
[2025-12-04 10:01:07] ✓ Ping successful (HTTP 200)
===================================
Keep-Alive Service Started: Thu Dec  4 10:07:27 UTC 2025
Backend URL: http://localhost:8001/api/health
Ping Interval: 300s (5 minutes)
===================================
[2025-12-04 10:07:27] ✗ Ping failed (HTTP 000) - Response: 
[2025-12-04 10:12:27] ✓ Ping successful (HTTP 200)
[2025-12-04 10:17:27] ✓ Ping successful (HTTP 200)
[2025-12-04 10:22:27] ✓ Ping successful (HTTP 200)
[2025-12-04 10:27:27] ✓ Ping successful (HTTP 200)
[2025-12-04 10:32:27] ✓ Ping successful (HTTP 200)
[2025-12-04 10:37:27] ✓ Ping successful (HTTP 200)
[2025-12-04 10:42:27] ✓ Ping successful (HTTP 200)
[2025-12-04 10:47:27] ✓ Ping successful (HTTP 200)
[2025-12-04 10:52:27] ✓ Ping successful (HTTP 200)
===================================
Keep-Alive Service Started: Thu Dec  4 11:03:30 UTC 2025
Backend URL: http://localhost:8001/api/health
Ping Interval: 300s (5 minutes)
===================================
[2025-12-04 11:03:30] ✗ Ping failed (HTTP 000) - Response: 
[2025-12-04 11:08:30] ✓ Ping successful (HTTP 200)
[2025-12-04 11:13:30] ✓ Ping successful (HTTP 200)
[2025-12-04 11:18:30] ✓ Ping successful (HTTP 200)
[2025-12-04 11:23:30] ✓ Ping successful (HTTP 200)
[2025-12-04 11:28:30] ✓ Ping successful (HTTP 200)
[2025-12-04 11:33:30] ✓ Ping successful (HTTP 200)
[2025-12-04 11:38:30] ✓ Ping successful (HTTP 200)
[2025-12-04 11:43:30] ✓ Ping successful (HTTP 200)
[2025-12-04 11:48:30] ✓ Ping successful (HTTP 200)
[2025-12-04 11:53:30] ✓ Ping successful (HTTP 200)
[2025-12-04 11:58:30] ✓ Ping successful (HTTP 200)
[2025-12-04 12:03:30] ✓ Ping successful (HTTP 200)
[2025-12-04 12:08:30] ✓ Ping successful (HTTP 200)
[2025-12-04 12:13:30] ✓ Ping successful (HTTP 200)
[2025-12-04 12:18:30] ✓ Ping successful (HTTP 200)
[2025-12-04 12:23:30] ✓ Ping successful (HTTP 200)
